Token -> ST_pos
int -> -1
  -> -1
id -> 0
, -> -1
id -> 1
, -> -1
id -> 0
; -> -1
read -> -1
( -> -1
id -> 1
, -> -1
id -> 2
, -> -1
id -> 0
) -> -1
; -> -1
int -> -1
  -> -1
id -> 2
= -> -1
const -> 4
; -> -1
if -> -1
  -> -1
( -> -1
id -> 1
  -> -1
> -> -1
  -> -1
id -> 2
) -> -1
{ -> -1
id -> 2
= -> -1
id -> 1
; -> -1
} -> -1
if -> -1
  -> -1
( -> -1
id -> 3
  -> -1
> -> -1
  -> -1
id -> 2
) -> -1
{ -> -1
id -> 2
= -> -1
id -> 3
; -> -1
} -> -1
if -> -1
  -> -1
( -> -1
id -> 0
  -> -1
> -> -1
  -> -1
id -> 2
) -> -1
{ -> -1
id -> 2
= -> -1
id -> 0
; -> -1
} -> -1
write -> -1
( -> -1
id -> 2
) -> -1
; -> -1

Token -> ST_pos
int -> -1
  -> -1
id -> 0
, -> -1
id -> 1
; -> -1
read -> -1
( -> -1
id -> 0
, -> -1
id -> 1
) -> -1
; -> -1
int -> -1
  -> -1
id -> 0
; -> -1
if -> -1
( -> -1
id -> 2
  -> -1
> -> -1
  -> -1
id -> 2
) -> -1
{ -> -1
id -> 0
  -> -1
= -> -1
  -> -1
id -> 2
; -> -1
} -> -1
else -> -1
{ -> -1
id -> 0
  -> -1
= -> -1
  -> -1
id -> 3
; -> -1
} -> -1
int -> -1
  -> -1
id -> 0
; -> -1
id -> 6
or -> -1
( -> -1
int -> -1
  -> -1
id -> 6
  -> -1
= -> -1
  -> -1
const -> 1
; -> -1
  -> -1
id -> 7
  -> -1
< -> -1
= -> -1
  -> -1
id -> 2
; -> -1
  -> -1
id -> 7
+ -> -1
+ -> -1
) -> -1
{ -> -1
if -> -1
  -> -1
( -> -1
( -> -1
id -> 5
  -> -1
% -> -1
  -> -1
id -> 7
  -> -1
= -> -1
= -> -1
  -> -1
const -> 7
) -> -1
  -> -1
and -> -1
  -> -1
( -> -1
id -> 4
  -> -1
% -> -1
  -> -1
id -> 8
  -> -1
= -> -1
= -> -1
  -> -1
const -> 7
) -> -1
) -> -1
{ -> -1
id -> 0
  -> -1
= -> -1
  -> -1
id -> 8
; -> -1
} -> -1
} -> -1
write -> -1
( -> -1
id -> 0
) -> -1
; -> -1

Token -> ST_pos
int -> -1
  -> -1
id -> 0
; -> -1
read -> -1
( -> -1
id -> 0
) -> -1
; -> -1
int -> -1
  -> -1
id -> 0
; -> -1
int -> -1
  -> -1
id -> 0
  -> -1
= -> -1
  -> -1
const -> 3
; -> -1
id -> 3
or -> -1
( -> -1
int -> -1
  -> -1
id -> 3
  -> -1
= -> -1
  -> -1
const -> 5
, -> -1
  -> -1
id -> 3
  -> -1
< -> -1
  -> -1
id -> 2
; -> -1
  -> -1
id -> 3
+ -> -1
+ -> -1
) -> -1
{ -> -1
read -> -1
( -> -1
id -> 1
) -> -1
; -> -1
id -> 0
  -> -1
+ -> -1
= -> -1
  -> -1
id -> 1
; -> -1
} -> -1
write -> -1
( -> -1
id -> 1
) -> -1
; -> -1

Token -> ST_pos
int -> -1
  -> -1
id -> 0
, -> -1
id -> 1
, -> -1
; -> -1
read -> -1
( -> -1
id -> 0
, -> -1
id -> 1
, -> -1
id -> 0
) -> -1
; -> -1
int -> -1
  -> -1
id -> 2
= -> -1
; -> -1
if -> -1
  -> -1
( -> -1
id -> 1
  -> -1
> -> -1
  -> -1
id -> 2
) -> -1
{ -> -1
id -> 2
= -> -1
id -> 1
; -> -1
} -> -1
if -> -1
  -> -1
( -> -1
id -> 3
  -> -1
> -> -1
  -> -1
id -> 2
) -> -1
{ -> -1
id -> 2
= -> -1
id -> 3
; -> -1
} -> -1
if -> -1
  -> -1
( -> -1
id -> 0
  -> -1
> -> -1
  -> -1
id -> 2
) -> -1
{ -> -1
id -> 2
= -> -1
id -> 0
; -> -1
} -> -1
write -> -1
( -> -1
id -> 2
) -> -1
; -> -1

